#
# There is insufficient memory for the Java Runtime Environment to continue.
# Native memory allocation (mmap) failed to map 264241152 bytes for G1 virtual space
# Possible reasons:
#   The system is out of physical RAM or swap space
#   The process is running with CompressedOops enabled, and the Java Heap may be blocking the growth of the native heap
# Possible solutions:
#   Reduce memory load on the system
#   Increase physical memory or swap space
#   Check if swap backing store is full
#   Decrease Java heap size (-Xmx/-Xms)
#   Decrease number of Java threads
#   Decrease Java thread stack sizes (-Xss)
#   Set larger code cache with -XX:ReservedCodeCacheSize=
#   JVM is running with Zero Based Compressed Oops mode in which the Java heap is
#     placed in the first 32GB address space. The Java Heap base address is the
#     maximum limit for the native heap growth. Please use -XX:HeapBaseMinAddress
#     to set the Java Heap base and to place the Java Heap above 32GB virtual address.
# This output file may be truncated or incomplete.
#
#  Out of Memory Error (os_windows.cpp:3548), pid=28732, tid=11616
#
# JRE version:  (17.0.12+8) (build )
# Java VM: Java HotSpot(TM) 64-Bit Server VM (17.0.12+8-LTS-286, mixed mode, sharing, tiered, compressed oops, compressed class ptrs, g1 gc, windows-amd64)
# No core dump will be written. Minidumps are not enabled by default on client versions of Windows
#

---------------  S U M M A R Y ------------

Command Line: 

Host: 11th Gen Intel(R) Core(TM) i7-11370H @ 3.30GHz, 8 cores, 15G,  Windows 11 , 64 bit Build 26100 (10.0.26100.3323)
Time: Wed Apr  2 02:44:53 2025 Egypt Standard Time elapsed time: 2.084848 seconds (0d 0h 0m 2s)

---------------  T H R E A D  ---------------

Current thread (0x0000020797ee5640):  JavaThread "Unknown thread" [_thread_in_vm, id=11616, stack(0x0000005fcd000000,0x0000005fcd100000)]

Stack: [0x0000005fcd000000,0x0000005fcd100000]
Native frames: (J=compiled Java code, j=interpreted, Vv=VM code, C=native code)
V  [jvm.dll+0x67a04a]
V  [jvm.dll+0x7da4ed]
V  [jvm.dll+0x7dbe33]
V  [jvm.dll+0x7dc4a3]
V  [jvm.dll+0x24508f]
V  [jvm.dll+0x677089]
V  [jvm.dll+0x66bd32]
V  [jvm.dll+0x301fa6]
V  [jvm.dll+0x309546]
V  [jvm.dll+0x359d2e]
V  [jvm.dll+0x359f5f]
V  [jvm.dll+0x2d9078]
V  [jvm.dll+0x2d9fe4]
V  [jvm.dll+0x7aca21]
V  [jvm.dll+0x367591]
V  [jvm.dll+0x78b999]
V  [jvm.dll+0x3ec83f]
V  [jvm.dll+0x3ee471]
C  [jli.dll+0x5297]
C  [ucrtbase.dll+0x37b0]
C  [KERNEL32.DLL+0x2e8d7]
C  [ntdll.dll+0xbbf6c]


---------------  P R O C E S S  ---------------

Threads class SMR info:
_java_thread_list=0x00007fff91fe7a18, length=0, elements={
}

Java Threads: ( => current thread )

Other Threads:
  0x0000020797f4c1f0 GCTaskThread "GC Thread#0" [stack: 0x0000005fcd100000,0x0000005fcd200000] [id=5796]
  0x0000020797f60110 ConcurrentGCThread "G1 Main Marker" [stack: 0x0000005fcd200000,0x0000005fcd300000] [id=23076]
  0x0000020797f60b20 ConcurrentGCThread "G1 Conc#0" [stack: 0x0000005fcd300000,0x0000005fcd400000] [id=27312]

[error occurred during error reporting (printing all threads), id 0xc0000005, EXCEPTION_ACCESS_VIOLATION (0xc0000005) at pc=0x00007fff91819b67]

VM state: not at safepoint (not fully initialized)

VM Mutex/Monitor currently owned by a thread:  ([mutex/lock_event])
[0x0000020797ee30f0] Heap_lock - owner thread: 0x0000020797ee5640

Heap address: 0x0000000704c00000, size: 4020 MB, Compressed Oops mode: Zero based, Oop shift amount: 3

CDS archive(s) mapped at: [0x0000000000000000-0x0000000000000000-0x0000000000000000), size 0, SharedBaseAddress: 0x0000000800000000, ArchiveRelocationMode: 1.
Narrow klass base: 0x0000000000000000, Narrow klass shift: 0, Narrow klass range: 0x0

GC Precious Log:
<Empty>

Heap:
 garbage-first heap   total 0K, used 0K [0x0000000704c00000, 0x0000000800000000)
  region size 2048K, 0 young (0K), 0 survivors (0K)

[error occurred during error reporting (printing heap information), id 0xc0000005, EXCEPTION_ACCESS_VIOLATION (0xc0000005) at pc=0x00007fff91c03859]

GC Heap History (0 events):
No events

Deoptimization events (0 events):
No events

Classes unloaded (0 events):
No events

Classes redefined (0 events):
No events

Internal exceptions (0 events):
No events

VM Operations (0 events):
No events

Events (1 events):
Event: 0.032 Loaded shared library C:\Program Files\Java\jdk-17\bin\java.dll


Dynamic libraries:
0x00007ff6d8520000 - 0x00007ff6d8530000 	C:\Program Files\Java\jdk-17\bin\java.exe
0x00007ff814540000 - 0x00007ff8147a3000 	C:\WINDOWS\SYSTEM32\ntdll.dll
0x00007ff8130f0000 - 0x00007ff8131b7000 	C:\WINDOWS\System32\KERNEL32.DLL
0x00007ff811bd0000 - 0x00007ff811f99000 	C:\WINDOWS\System32\KERNELBASE.dll
0x00007ff8119c0000 - 0x00007ff811b0c000 	C:\WINDOWS\System32\ucrtbase.dll
0x00007ff80c500000 - 0x00007ff80c519000 	C:\Program Files\Java\jdk-17\bin\jli.dll
0x00007fffff3f0000 - 0x00007fffff40b000 	C:\Program Files\Java\jdk-17\bin\VCRUNTIME140.dll
0x00007ff8132c0000 - 0x00007ff813372000 	C:\WINDOWS\System32\ADVAPI32.dll
0x00007ff812cc0000 - 0x00007ff812d69000 	C:\WINDOWS\System32\msvcrt.dll
0x00007ff812b80000 - 0x00007ff812c26000 	C:\WINDOWS\System32\sechost.dll
0x00007ff813380000 - 0x00007ff813496000 	C:\WINDOWS\System32\RPCRT4.dll
0x00007ff813ee0000 - 0x00007ff8140aa000 	C:\WINDOWS\System32\USER32.dll
0x00007ff811ba0000 - 0x00007ff811bc7000 	C:\WINDOWS\System32\win32u.dll
0x00007ffff3b50000 - 0x00007ffff3de0000 	C:\WINDOWS\WinSxS\amd64_microsoft.windows.common-controls_6595b64144ccf1df_6.0.26100.3323_none_3e088096e3344490\COMCTL32.dll
0x00007ff812c90000 - 0x00007ff812cba000 	C:\WINDOWS\System32\GDI32.dll
0x00007ff811710000 - 0x00007ff811841000 	C:\WINDOWS\System32\gdi32full.dll
0x00007ff811910000 - 0x00007ff8119b3000 	C:\WINDOWS\System32\msvcp_win.dll
0x00007ffffd570000 - 0x00007ffffd57b000 	C:\WINDOWS\SYSTEM32\VERSION.dll
0x00007ff8136c0000 - 0x00007ff8136ef000 	C:\WINDOWS\System32\IMM32.DLL
0x00007ff80c4f0000 - 0x00007ff80c4fc000 	C:\Program Files\Java\jdk-17\bin\vcruntime140_1.dll
0x00007fffd27d0000 - 0x00007fffd285e000 	C:\Program Files\Java\jdk-17\bin\msvcp140.dll
0x00007fff91530000 - 0x00007fff92110000 	C:\Program Files\Java\jdk-17\bin\server\jvm.dll
0x00007ff813e20000 - 0x00007ff813e28000 	C:\WINDOWS\System32\PSAPI.DLL
0x00007ff805790000 - 0x00007ff8057c6000 	C:\WINDOWS\SYSTEM32\WINMM.dll
0x00007fffea050000 - 0x00007fffea05a000 	C:\WINDOWS\SYSTEM32\WSOCK32.dll
0x00007ff813e60000 - 0x00007ff813ed4000 	C:\WINDOWS\System32\WS2_32.dll
0x00007ff810640000 - 0x00007ff81065a000 	C:\WINDOWS\SYSTEM32\kernel.appcore.dll
0x00007ff8096a0000 - 0x00007ff8096aa000 	C:\Program Files\Java\jdk-17\bin\jimage.dll
0x00007ff80f090000 - 0x00007ff80f2d1000 	C:\WINDOWS\SYSTEM32\DBGHELP.DLL
0x00007ff8140b0000 - 0x00007ff814432000 	C:\WINDOWS\System32\combase.dll
0x00007ff8134a0000 - 0x00007ff813576000 	C:\WINDOWS\System32\OLEAUT32.dll
0x00007ffff54f0000 - 0x00007ffff5529000 	C:\WINDOWS\SYSTEM32\dbgcore.DLL
0x00007ff812290000 - 0x00007ff812329000 	C:\WINDOWS\System32\bcryptPrimitives.dll
0x00007ffffe510000 - 0x00007ffffe535000 	C:\Program Files\Java\jdk-17\bin\java.dll

dbghelp: loaded successfully - version: 4.0.5 - missing functions: none
symbol engine: initialized successfully - sym options: 0x614 - pdb path: .;C:\Program Files\Java\jdk-17\bin;C:\WINDOWS\SYSTEM32;C:\WINDOWS\WinSxS\amd64_microsoft.windows.common-controls_6595b64144ccf1df_6.0.26100.3323_none_3e088096e3344490;C:\Program Files\Java\jdk-17\bin\server

VM Arguments:
java_command: <unknown>
java_class_path (initial): <not set>
Launcher Type: SUN_STANDARD

[Global flags]
     intx CICompilerCount                          = 4                                         {product} {ergonomic}
     uint ConcGCThreads                            = 2                                         {product} {ergonomic}
     uint G1ConcRefinementThreads                  = 8                                         {product} {ergonomic}
   size_t G1HeapRegionSize                         = 2097152                                   {product} {ergonomic}
    uintx GCDrainStackTargetSize                   = 64                                        {product} {ergonomic}
   size_t InitialHeapSize                          = 264241152                                 {product} {ergonomic}
   size_t MarkStackSize                            = 4194304                                   {product} {ergonomic}
   size_t MaxHeapSize                              = 4215275520                                {product} {ergonomic}
   size_t MinHeapDeltaBytes                        = 2097152                                   {product} {ergonomic}
   size_t MinHeapSize                              = 8388608                                   {product} {ergonomic}
    uintx NonNMethodCodeHeapSize                   = 5839372                                {pd product} {ergonomic}
    uintx NonProfiledCodeHeapSize                  = 122909434                              {pd product} {ergonomic}
    uintx ProfiledCodeHeapSize                     = 122909434                              {pd product} {ergonomic}
    uintx ReservedCodeCacheSize                    = 251658240                              {pd product} {ergonomic}
     bool SegmentedCodeCache                       = true                                      {product} {ergonomic}
   size_t SoftMaxHeapSize                          = 4215275520                             {manageable} {ergonomic}
     bool UseCompressedClassPointers               = true                           {product lp64_product} {ergonomic}
     bool UseCompressedOops                        = true                           {product lp64_product} {ergonomic}
     bool UseG1GC                                  = true                                      {product} {ergonomic}
     bool UseLargePagesIndividualAllocation        = false                                  {pd product} {ergonomic}

Logging:
Log output configuration:
 #0: stdout all=warning uptime,level,tags
 #1: stderr all=off uptime,level,tags

Environment Variables:
JAVA_HOME=C:\Program Files\Microsoft\jdk-11.0.16.101-hotspot
PATH=C:\Program Files (x86)\VMware\VMware Workstation\bin\;C:\Program Files\Common Files\Oracle\Java\javapath;C:\Program Files\Microsoft SDKs\Azure\CLI2\wbin;C:\Program Files\Microsoft\jdk-11.0.16.101-hotspot\bin;C:\Program Files\Python311\Scripts\;C:\Program Files\Python311\;C:\Windows\system32;C:\Windows;C:\Windows\System32\Wbem;C:\Windows\System32\WindowsPowerShell\v1.0\;C:\Windows\System32\OpenSSH\;C:\Program Files (x86)\NVIDIA Corporation\PhysX\Common;C:\Program Files\NVIDIA Corporation\NVIDIA NvDLISR;C:\Users\mariam\Downloads;C:\Users\mariam\Downloads\scripts\;C:\WINDOWS\system32;C:\WINDOWS;C:\WINDOWS\System32\Wbem;C:\WINDOWS\System32\WindowsPowerShell\v1.0\;C:\WINDOWS\System32\OpenSSH\;C:\msys64\mingw64\bin.;C:\msys64\mingw64\bin;C:\ProgramData\chocolatey\bin;C:\Program Files (x86)\Microsoft SQL Server\160\DTS\Binn\;C:\Program Files\Azure Data Studio\bin;C:\Program Files\Microsoft SQL Server\150\Tools\Binn\;C:\Program Files\Microsoft SQL Server\Client SDK\ODBC\170\Tools\Binn\;C:\Program Files (x86)\Microsoft SQL Server\160\Tools\Binn\;C:\Program Files\Microsoft SQL Server\160\Tools\Binn\;C:\Program Files\Microsoft SQL Server\160\DTS\Binn\;C:\Program Files\Git\cmd;C:\Program Files\Docker\Docker\resources\bin;C:\Program Files\dotnet\;C:\Program Files\nodejs\;C:\Users\mariam\AppData\Local\Microsoft\WindowsApps;C:\Program Files\JetBrains\PyCharm Edu 222.4167.41\bin;;C:\Users\mariam\Downloads;C:\Users\mariam\Downloads\scripts\;C:\Users\mariam\AppData\Local\Programs\Microsoft VS Code\bin;C:\msys64\mingw64\bin;C:\Program Files\Azure Data Studio\bin;C:\Users\mariam\.dotnet\tools;C:\Users\mariam\Downloads\platform-tools-latest-windows;C:\Users\mariam\AppData\Local\Microsoft\WinGet\Packages\Schniz.fnm_Microsoft.Winget.Source_8wekyb3d8bbwe;C:\Users\mariam\AppData\Roaming\npm
USERNAME=mariam
LANG=en_US.UTF-8
OS=Windows_NT
PROCESSOR_IDENTIFIER=Intel64 Family 6 Model 140 Stepping 1, GenuineIntel



---------------  S Y S T E M  ---------------

OS:
 Windows 11 , 64 bit Build 26100 (10.0.26100.3323)
OS uptime: 10 days 4:18 hours
Hyper-V role detected

CPU: total 8 (initial active 8) (4 cores per cpu, 2 threads per core) family 6 model 140 stepping 1 microcode 0x86, cx8, cmov, fxsr, ht, mmx, 3dnowpref, sse, sse2, sse3, ssse3, sse4.1, sse4.2, popcnt, lzcnt, tsc, tscinvbit, avx, avx2, aes, erms, clmul, bmi1, bmi2, adx, avx512f, avx512dq, avx512cd, avx512bw, avx512vl, sha, fma, vzeroupper, avx512_vpopcntdq, avx512_vpclmulqdq, avx512_vaes, avx512_vnni, clflush, clflushopt, clwb, avx512_vbmi2, avx512_vbmi, hv

Memory: 4k page, system-wide physical 16075M (1556M free)
TotalPageFile size 24267M (AvailPageFile size 137M)
current process WorkingSet (physical memory assigned to process): 12M, peak: 12M
current process commit charge ("private bytes"): 60M, peak: 312M

vm_info: Java HotSpot(TM) 64-Bit Server VM (17.0.12+8-LTS-286) for windows-amd64 JRE (17.0.12+8-LTS-286), built on Jun  5 2024 06:46:59 by "mach5one" with MS VC++ 17.6 (VS2022)

END.
